<?xml version="1.0" encoding="UTF-8"?>
<testng-results skipped="0" failed="0" ignored="0" total="2" passed="2">
  <reporter-output>
  </reporter-output>
  <suite name="Surefire suite" duration-ms="22824" started-at="2019-02-09T10:11:16Z" finished-at="2019-02-09T10:11:39Z">
    <groups>
    </groups>
    <test name="Surefire test" duration-ms="22824" started-at="2019-02-09T10:11:16Z" finished-at="2019-02-09T10:11:39Z">
      <class name="com.facebook.TestCases.LoginPageTest">
        <test-method status="PASS" signature="SetUp()[pri:0, instance:com.facebook.TestCases.LoginPageTest@6a3f77]" name="SetUp" is-config="true" duration-ms="82501" started-at="2019-02-09T10:09:53Z" finished-at="2019-02-09T10:11:16Z">
          <reporter-output>
          </reporter-output>
        </test-method> <!-- SetUp -->
        <test-method status="PASS" signature="Login()[pri:0, instance:com.facebook.TestCases.LoginPageTest@6a3f77]" name="Login" duration-ms="22529" started-at="2019-02-09T10:11:16Z" finished-at="2019-02-09T10:11:39Z">
          <reporter-output>
          </reporter-output>
        </test-method> <!-- Login -->
        <test-method status="PASS" signature="VerifyTitle()[pri:0, instance:com.facebook.TestCases.LoginPageTest@6a3f77]" name="VerifyTitle" duration-ms="17" started-at="2019-02-09T10:11:39Z" finished-at="2019-02-09T10:11:39Z">
          <reporter-output>
          </reporter-output>
        </test-method> <!-- VerifyTitle -->
        <test-method status="PASS" signature="Close_Browser()[pri:0, instance:com.facebook.TestCases.LoginPageTest@6a3f77]" name="Close_Browser" is-config="true" duration-ms="2687" started-at="2019-02-09T10:11:39Z" finished-at="2019-02-09T10:11:41Z">
          <reporter-output>
          </reporter-output>
        </test-method> <!-- Close_Browser -->
      </class> <!-- com.facebook.TestCases.LoginPageTest -->
    </test> <!-- Surefire test -->
  </suite> <!-- Surefire suite -->
</testng-results>
