<?xml version="1.0" encoding="UTF-8"?>
<testng-results skipped="0" failed="0" ignored="0" total="2" passed="2">
  <reporter-output>
  </reporter-output>
  <suite name="Suite" duration-ms="6001" started-at="2019-02-06T09:20:46Z" finished-at="2019-02-06T09:20:52Z">
    <groups>
    </groups>
    <test name="Test" duration-ms="6001" started-at="2019-02-06T09:20:46Z" finished-at="2019-02-06T09:20:52Z">
      <class name="com.facebook.TestCases.LoginPageTest">
        <test-method status="PASS" signature="SetUp()[pri:0, instance:com.facebook.TestCases.LoginPageTest@1fa1d9b]" name="SetUp" is-config="true" duration-ms="45661" started-at="2019-02-06T09:20:00Z" finished-at="2019-02-06T09:20:46Z">
          <reporter-output>
          </reporter-output>
        </test-method> <!-- SetUp -->
        <test-method status="PASS" signature="Login()[pri:0, instance:com.facebook.TestCases.LoginPageTest@1fa1d9b]" name="Login" duration-ms="4692" started-at="2019-02-06T09:20:47Z" finished-at="2019-02-06T09:20:52Z">
          <reporter-output>
          </reporter-output>
        </test-method> <!-- Login -->
        <test-method status="PASS" signature="VerifyTitle()[pri:0, instance:com.facebook.TestCases.LoginPageTest@1fa1d9b]" name="VerifyTitle" duration-ms="49" started-at="2019-02-06T09:20:52Z" finished-at="2019-02-06T09:20:52Z">
          <reporter-output>
          </reporter-output>
        </test-method> <!-- VerifyTitle -->
        <test-method status="PASS" signature="Close_Browser()[pri:0, instance:com.facebook.TestCases.LoginPageTest@1fa1d9b]" name="Close_Browser" is-config="true" duration-ms="2225" started-at="2019-02-06T09:20:52Z" finished-at="2019-02-06T09:20:55Z">
          <reporter-output>
          </reporter-output>
        </test-method> <!-- Close_Browser -->
      </class> <!-- com.facebook.TestCases.LoginPageTest -->
    </test> <!-- Test -->
  </suite> <!-- Suite -->
</testng-results>
